<?xml version="1.0" encoding="UTF-8"?>
<testsuite xmlns:xsi="http://www.w3.org/2001/XMLSchema-instance" xsi:noNamespaceSchemaLocation="https://maven.apache.org/surefire/maven-surefire-plugin/xsd/surefire-test-report.xsd" name="com.calculadora.app.AppTest" time="0.081" tests="5" errors="0" skipped="0" failures="0">
  <properties>
[...]
</properties>
  <testcase name="dividir_120por12_resulta10" classname="com.calculadora.app.AppTest" time="0.013"/>
  <testcase name="dividir_92por0_resultaExcecao" classname="com.calculadora.app.AppTest" time="0"/>
  <testcase name="subtrair_5por3_resulta2" classname="com.calculadora.app.AppTest" time="0"/>
  <testcase name="multiplicar_2por15_resulta30" classname="com.calculadora.app.AppTest" time="0"/>
  <testcase name="somar_2por250_resulta252" classname="com.calculadora.app.AppTest" time="0"/>
</testsuite>